2025-12-10 15:56:44,885 - INFO - ================================================================================
2025-12-10 15:56:44,886 - INFO - Starting DROP Objects Script - mktg_ops_tbls_tables
2025-12-10 15:56:44,886 - INFO - Timestamp: 20251210_155644
2025-12-10 15:56:44,887 - INFO - ================================================================================
2025-12-10 15:56:44,887 - INFO - Configuration loaded successfully
2025-12-10 15:56:44,887 - INFO - Log file: D:\fetch_ddl_from_rs\Create_DDL_Output\ddl_logs\mktg_ops_tbls_tables_20251210_155644_drop_log.log
2025-12-10 15:56:44,888 - INFO - Source file: D:\fetch_ddl_from_rs\Create_DDL_Output\ddl_output\mktg_ops_tbls_tables_20251209_200003_created.csv
2025-12-10 15:56:47,980 - INFO - Successfully connected to Redshift DEV: redshift.dev.datahub.redcross.net
2025-12-10 15:56:47,980 - INFO - Database: mods_bi, User: hritik_singhania
2025-12-10 15:56:47,988 - INFO - Found 238 objects to drop from D:\fetch_ddl_from_rs\Create_DDL_Output\ddl_output\mktg_ops_tbls_tables_20251209_200003_created.csv
2025-12-10 15:56:47,988 - INFO - Starting to drop 238 table(s)
2025-12-10 15:56:47,997 - INFO - Initialized drop summary CSV: D:\fetch_ddl_from_rs\Create_DDL_Output\ddl_output\mktg_ops_tbls_tables_20251210_155647_dropped_summary.csv
2025-12-10 15:56:49,431 - INFO - \u2713 Successfully dropped table: adb_anlytc_hit
2025-12-10 15:56:50,909 - INFO - \u2713 Successfully dropped table: adb_anlytc_hit_stg
2025-12-10 15:56:52,416 - INFO - \u2713 Successfully dropped table: adb_anlytc_hit_tgt
2025-12-10 15:56:53,864 - INFO - \u2713 Successfully dropped table: adb_anlytc_hit_tgt_tst
2025-12-10 15:56:55,327 - INFO - \u2713 Successfully dropped table: adb_anlytc_hit_tgt_xtrct
2025-12-10 15:56:56,790 - INFO - \u2713 Successfully dropped table: adb_arcinsms_report_intermediate
2025-12-10 15:56:58,253 - INFO - \u2713 Successfully dropped table: adb_arcregionchaptermapping
2025-12-10 15:56:59,730 - INFO - \u2713 Successfully dropped table: adb_bio_dnr_stsfctn_srvy
2025-12-10 15:57:01,245 - INFO - \u2713 Successfully dropped table: adb_enumrtn_lkp
2025-12-10 15:57:03,810 - INFO - \u2713 Successfully dropped table: adb_nmspropositionrcp
2025-12-10 15:57:05,269 - INFO - \u2713 Successfully dropped table: adb_vlntr_srvy_rspns
2025-12-10 15:57:06,804 - INFO - \u2713 Successfully dropped table: adb_vlntr_srvy_rspns_tmp
2025-12-10 15:57:08,253 - INFO - \u2713 Successfully dropped table: adb_vlntr_srvy_rspns_v20
2025-12-10 15:57:09,748 - INFO - \u2713 Successfully dropped table: adobe_analytics_txn
2025-12-10 15:57:12,326 - INFO - \u2713 Successfully dropped table: adobe_analytics_visits
2025-12-10 15:57:13,849 - INFO - \u2713 Successfully dropped table: adobe_dwb_intrctn
2025-12-10 15:57:16,436 - INFO - \u2713 Successfully dropped table: adobe_dwb_intrctn_bkp
2025-12-10 15:57:17,889 - INFO - \u2713 Successfully dropped table: adobe_dwb_intrctn_stg
2025-12-10 15:57:19,334 - INFO - \u2713 Successfully dropped table: adobe_dwb_intrctn_stg_tmp
2025-12-10 15:57:20,735 - INFO - \u2713 Successfully dropped table: adobe_dwb_txn
2025-12-10 15:57:22,223 - INFO - \u2713 Successfully dropped table: adobe_dwb_txn_bkp
2025-12-10 15:57:23,610 - INFO - \u2713 Successfully dropped table: adobe_dwb_txn_stg
2025-12-10 15:57:24,999 - INFO - \u2713 Successfully dropped table: agent
2025-12-10 15:57:26,764 - INFO - \u2713 Successfully dropped table: all_aem_rco_rows
2025-12-10 15:57:28,209 - INFO - \u2713 Successfully dropped table: aprm_wb_apnd_eml_trckng_bkp
2025-12-10 15:57:29,769 - INFO - \u2713 Successfully dropped table: arc_aem_rco_txn
2025-12-10 15:57:31,140 - INFO - \u2713 Successfully dropped table: arc_biomed_smry_bkp
2025-12-10 15:57:32,925 - INFO - \u2713 Successfully dropped table: arc_biomed_txn_bkp
2025-12-10 15:57:34,677 - INFO - \u2713 Successfully dropped table: arc_biomed_txn_ext_staff
2025-12-10 15:57:36,133 - INFO - \u2713 Successfully dropped table: arc_biomed_txn_ext_staff_bkp
2025-12-10 15:57:37,523 - INFO - \u2713 Successfully dropped table: arc_cdi_smry_addr_tmp
2025-12-10 15:57:38,984 - INFO - \u2713 Successfully dropped table: arc_cdi_smry_email_tmp
2025-12-10 15:57:40,375 - INFO - \u2713 Successfully dropped table: arc_cdi_smry_extrct
2025-12-10 15:57:41,790 - INFO - \u2713 Successfully dropped table: arc_cdi_smry_phn_tmp
2025-12-10 15:57:43,186 - INFO - \u2713 Successfully dropped table: arc_crm_ent_infrd_prfl
2025-12-10 15:57:44,569 - INFO - \u2713 Successfully dropped table: arc_crm_ent_prfl
2025-12-10 15:57:45,942 - INFO - \u2713 Successfully dropped table: arc_fr_smry_extrct
2025-12-10 15:57:47,538 - INFO - \u2713 Successfully dropped table: arc_fr_smry_extrct_tmp
2025-12-10 15:57:49,042 - INFO - \u2713 Successfully dropped table: arc_fr_smry_mdl
2025-12-10 15:57:50,411 - INFO - \u2713 Successfully dropped table: arc_fr_txn_all_cnst
2025-12-10 15:57:51,837 - INFO - \u2713 Successfully dropped table: arc_fr_txn_bkp
2025-12-10 15:57:53,234 - INFO - \u2713 Successfully dropped table: arc_fr_txn_bnchmrk_extrct
2025-12-10 15:57:54,794 - INFO - \u2713 Successfully dropped table: arc_fr_txn_del
2025-12-10 15:57:56,186 - INFO - \u2713 Successfully dropped table: arc_fr_txn_extrct
2025-12-10 15:57:57,595 - INFO - \u2713 Successfully dropped table: arc_fr_txn_tst
2025-12-10 15:57:58,976 - INFO - \u2713 Successfully dropped table: arc_fundrsng_summary
2025-12-10 15:58:00,356 - INFO - \u2713 Successfully dropped table: arc_glossary
2025-12-10 15:58:01,760 - INFO - \u2713 Successfully dropped table: arc_lob_smry_extrct
2025-12-10 15:58:03,190 - INFO - \u2713 Successfully dropped table: arc_lob_smry_extrct_oct
2025-12-10 15:58:03,195 - INFO - Progress: 50/238 table(s) processed
2025-12-10 15:58:04,577 - INFO - \u2713 Successfully dropped table: arc_lob_smry_non_fr_extrct
2025-12-10 15:58:06,005 - INFO - \u2713 Successfully dropped table: arc_missing_script_numbers
2025-12-10 15:58:07,415 - INFO - \u2713 Successfully dropped table: arc_phss_recert_txn
2025-12-10 15:58:08,803 - INFO - \u2713 Successfully dropped table: arc_phss_recert_txn_bkp
2025-12-10 15:58:10,182 - INFO - \u2713 Successfully dropped table: arc_phss_smry
2025-12-10 15:58:11,553 - INFO - \u2713 Successfully dropped table: arc_phss_smry_bkp
2025-12-10 15:58:13,049 - INFO - \u2713 Successfully dropped table: arc_phss_txn
2025-12-10 15:58:14,425 - INFO - \u2713 Successfully dropped table: arc_phss_txn_bkp
2025-12-10 15:58:15,830 - INFO - \u2713 Successfully dropped table: arc_simio_rfm_assets_appends
2025-12-10 15:58:17,222 - INFO - \u2713 Successfully dropped table: arc_tag_extrct_bridge
2025-12-10 15:58:18,626 - INFO - \u2713 Successfully dropped table: arc_tag_extrct_bridge_bkp
2025-12-10 15:58:20,006 - INFO - \u2713 Successfully dropped table: arc_tag_non_fr_extrct_bridge
2025-12-10 15:58:21,373 - INFO - \u2713 Successfully dropped table: arc_tag_non_fr_extrct_bridge_bkp
2025-12-10 15:58:22,861 - INFO - \u2713 Successfully dropped table: arc_tag_non_fr_extrct_bridge_tmp
2025-12-10 15:58:24,331 - INFO - \u2713 Successfully dropped table: arc_vms_smry
2025-12-10 15:58:25,675 - INFO - \u2713 Successfully dropped table: arc_vms_txn
2025-12-10 15:58:27,089 - INFO - \u2713 Successfully dropped table: area_code_2_time_zone
2025-12-10 15:58:28,529 - INFO - \u2713 Successfully dropped table: awb_cdi_mstr_mrg
2025-12-10 15:58:30,038 - INFO - \u2713 Successfully dropped table: awb_dmail_xtrct
2025-12-10 15:58:31,479 - INFO - \u2713 Successfully dropped table: awb_dntn_xtrct
2025-12-10 15:58:33,000 - INFO - \u2713 Successfully dropped table: awb_rcpnt_2_cdi_mstr
2025-12-10 15:58:34,380 - INFO - \u2713 Successfully dropped table: awb_rcpnt_2_cdi_mstr_xtrct
2025-12-10 15:58:35,748 - INFO - \u2713 Successfully dropped table: bzfc_active_cnst_multi_snpsht
2025-12-10 15:58:37,122 - INFO - \u2713 Successfully dropped table: bzfc_active_cnst_segmnt
2025-12-10 15:58:38,520 - INFO - \u2713 Successfully dropped table: bzfc_active_cnst_snpsht
2025-12-10 15:58:39,888 - INFO - \u2713 Successfully dropped table: bzfc_adb_recipient_insrt_delta
2025-12-10 15:58:41,258 - INFO - \u2713 Successfully dropped table: bzfc_adb_recipient_updt_delta
2025-12-10 15:58:42,732 - INFO - \u2713 Successfully dropped table: bzfc_bio_dnr_segment_dashbrd
2025-12-10 15:58:44,089 - INFO - \u2713 Successfully dropped table: bzfc_cnst_cdi_phss_email_prfl
2025-12-10 15:58:45,584 - INFO - \u2713 Successfully dropped table: bzfc_cnst_fr_prfr_em_prfl
2025-12-10 15:58:46,960 - INFO - \u2713 Successfully dropped table: bzfc_fact_dmail_interaction
2025-12-10 15:58:48,336 - INFO - \u2713 Successfully dropped table: bzfc_fact_donation
2025-12-10 15:58:49,736 - INFO - \u2713 Successfully dropped table: bzfc_fact_interaction
2025-12-10 15:58:51,105 - INFO - \u2713 Successfully dropped table: bzfc_fact_interaction_all
2025-12-10 15:58:52,509 - INFO - \u2713 Successfully dropped table: bzfc_fact_intrctn_em_smry
2025-12-10 15:58:53,970 - INFO - \u2713 Successfully dropped table: bzfc_fact_phone_interaction
2025-12-10 15:58:55,316 - INFO - \u2713 Successfully dropped table: bzfc_fact_response_all
2025-12-10 15:58:56,771 - INFO - \u2713 Successfully dropped table: bzfc_fact_response_new
2025-12-10 15:58:58,158 - INFO - \u2713 Successfully dropped table: bzfc_pg_response_log
2025-12-10 15:58:59,721 - INFO - \u2713 Successfully dropped table: bzfc_pg_response_log_ref
2025-12-10 15:59:01,081 - INFO - \u2713 Successfully dropped table: bzfc_phss_lrnr_list_membrshp
2025-12-10 15:59:02,496 - INFO - \u2713 Successfully dropped table: bzfc_sms_fr_prfl
2025-12-10 15:59:03,954 - INFO - \u2713 Successfully dropped table: bzfc_sms_profile
2025-12-10 15:59:05,351 - INFO - \u2713 Successfully dropped table: bzfc_sponsor_journey_detail
2025-12-10 15:59:06,724 - INFO - \u2713 Successfully dropped table: bzfc_sponsor_journey_smry
2025-12-10 15:59:08,085 - INFO - \u2713 Successfully dropped table: bzf_cem_cnst_opt_outs_copy
2025-12-10 15:59:09,516 - INFO - \u2713 Successfully dropped table: bzf_cem_cnst_opt_outs_stg
2025-12-10 15:59:10,983 - INFO - \u2713 Successfully dropped table: bzf_cnst_cdi_sltn_id_1
2025-12-10 15:59:12,371 - INFO - \u2713 Successfully dropped table: bzf_cnst_cdi_sltn_id_2
2025-12-10 15:59:13,729 - INFO - \u2713 Successfully dropped table: bzf_cnst_cdi_sltn_id_3
2025-12-10 15:59:13,734 - INFO - Progress: 100/238 table(s) processed
2025-12-10 15:59:15,108 - INFO - \u2713 Successfully dropped table: bzf_cnst_cdi_sltn_id_4
2025-12-10 15:59:16,528 - INFO - \u2713 Successfully dropped table: bzf_cnst_cdi_sltn_id_5
2025-12-10 15:59:17,921 - INFO - \u2713 Successfully dropped table: bzf_cnst_cdi_sltn_id_all
2025-12-10 15:59:19,344 - INFO - \u2713 Successfully dropped table: bzf_cnst_cdi_sltn_id_bk
2025-12-10 15:59:20,750 - INFO - \u2713 Successfully dropped table: bzf_cnst_scr
2025-12-10 15:59:22,191 - INFO - \u2713 Successfully dropped table: bz_adobe_analytics_rcb_txn
2025-12-10 15:59:23,548 - INFO - \u2713 Successfully dropped table: bz_adobe_analytics_rco_txn
2025-12-10 15:59:24,970 - INFO - \u2713 Successfully dropped table: bz_adobe_analytics_ts_txn
2025-12-10 15:59:26,398 - INFO - \u2713 Successfully dropped table: bz_arcpg_response_typ
2025-12-10 15:59:27,821 - INFO - \u2713 Successfully dropped table: bz_arc_fr_smry_atg_first_tm
2025-12-10 15:59:29,330 - INFO - \u2713 Successfully dropped table: bz_arc_fr_smry_rco_first_tm
2025-12-10 15:59:30,713 - INFO - \u2713 Successfully dropped table: bz_arc_fr_smry_rco_last_donat
2025-12-10 15:59:32,189 - INFO - \u2713 Successfully dropped table: bz_arc_fr_smry_rco_last_sustnr_donat
2025-12-10 15:59:33,555 - INFO - \u2713 Successfully dropped table: bz_cnst_birth_best
2025-12-10 15:59:35,106 - INFO - \u2713 Successfully dropped table: bz_cnst_gender_best
2025-12-10 15:59:36,531 - INFO - \u2713 Successfully dropped table: bz_cur_mth_bio_donor_freq
2025-12-10 15:59:38,090 - INFO - \u2713 Successfully dropped table: bz_cur_mth_bio_donor_freq2
2025-12-10 15:59:39,506 - INFO - \u2713 Successfully dropped table: bz_dim_cnst_demographic
2025-12-10 15:59:40,943 - INFO - \u2713 Successfully dropped table: bz_dim_rpt_cell_cd
2025-12-10 15:59:42,291 - INFO - \u2713 Successfully dropped table: bz_dim_treatmnt
2025-12-10 15:59:43,691 - INFO - \u2713 Successfully dropped table: bz_email_src_cd
2025-12-10 15:59:45,085 - INFO - \u2713 Successfully dropped table: bz_fact_interaction_pg
2025-12-10 15:59:46,457 - INFO - \u2713 Successfully dropped table: bz_fact_response_pg
2025-12-10 15:59:47,824 - INFO - \u2713 Successfully dropped table: bz_gms_arc_fr_txn_segmnt
2025-12-10 15:59:49,226 - INFO - \u2713 Successfully dropped table: bz_google_analytics_txn
2025-12-10 15:59:50,703 - INFO - \u2713 Successfully dropped table: bz_pg_group_membrshp
2025-12-10 15:59:52,859 - INFO - \u2713 Successfully dropped table: campgn_prospct_list
2025-12-10 15:59:54,259 - INFO - \u2713 Successfully dropped table: chptr_list_membrshp
2025-12-10 15:59:55,647 - INFO - \u2713 Successfully dropped table: chptr_portal_list_typ_ref
2025-12-10 15:59:57,044 - INFO - \u2713 Successfully dropped table: cnst_addr_ncoa_log
2025-12-10 15:59:58,437 - INFO - \u2713 Successfully dropped table: cnst_cdi_smry_non_fr_prfr
2025-12-10 15:59:59,906 - INFO - \u2713 Successfully dropped table: cnst_cdi_smry_phss_prfr
2025-12-10 16:00:02,789 - INFO - \u2713 Successfully dropped table: cnst_cdi_smry_phss_prfr_stg
2025-12-10 16:00:04,196 - INFO - \u2713 Successfully dropped table: cnst_cdi_smry_vms_prfr
2025-12-10 16:00:05,573 - INFO - \u2713 Successfully dropped table: cnst_cdi_smry_vms_prfr_stg
2025-12-10 16:00:06,999 - INFO - \u2713 Successfully dropped table: cnst_cdi_vms_preferred_dmail
2025-12-10 16:00:08,570 - INFO - \u2713 Successfully dropped table: cnst_cdi_vms_preferred_email
2025-12-10 16:00:09,985 - INFO - \u2713 Successfully dropped table: cnst_scr_acct
2025-12-10 16:00:11,382 - INFO - \u2713 Successfully dropped table: cnvo_reactivation_list
2025-12-10 16:00:12,819 - INFO - \u2713 Successfully dropped table: dim_bio_donat_freq
2025-12-10 16:00:14,212 - INFO - \u2713 Successfully dropped table: dim_dm_src_treatmnt_xref
2025-12-10 16:00:15,619 - INFO - \u2713 Successfully dropped table: dim_edrtl_response_period
2025-12-10 16:00:16,966 - INFO - \u2713 Successfully dropped table: dim_email_segmnt
2025-12-10 16:00:18,549 - INFO - \u2713 Successfully dropped table: dim_odr
2025-12-10 16:00:20,000 - INFO - \u2713 Successfully dropped table: dim_online_channel
2025-12-10 16:00:21,411 - INFO - \u2713 Successfully dropped table: dim_phone_adtnl_reqst
2025-12-10 16:00:22,890 - INFO - \u2713 Successfully dropped table: dim_phone_call_dspstn
2025-12-10 16:00:24,280 - INFO - \u2713 Successfully dropped table: dim_phone_campgn_src_cd_xref
2025-12-10 16:00:25,667 - INFO - \u2713 Successfully dropped table: dim_region_rsmo
2025-12-10 16:00:27,062 - INFO - \u2713 Successfully dropped table: dim_src_2_intrctn_brdg
2025-12-10 16:00:27,069 - INFO - Progress: 150/238 table(s) processed
2025-12-10 16:00:28,595 - INFO - \u2713 Successfully dropped table: dm_campaign_hist
2025-12-10 16:00:30,059 - INFO - \u2713 Successfully dropped table: dm_campaign_pg_hist
2025-12-10 16:00:31,977 - INFO - \u2713 Successfully dropped table: dv_active_segmnt_snapsht
2025-12-10 16:00:33,519 - INFO - \u2713 Successfully dropped table: dv_arc_bio_smry
2025-12-10 16:00:35,326 - INFO - \u2713 Successfully dropped table: dv_arc_entrprs_smry
2025-12-10 16:00:36,733 - INFO - \u2713 Successfully dropped table: dv_arc_fr_smry
2025-12-10 16:00:38,270 - INFO - \u2713 Successfully dropped table: dv_arc_phss_smry
2025-12-10 16:00:39,674 - INFO - \u2713 Successfully dropped table: dv_arc_vms_smry
2025-12-10 16:00:45,540 - INFO - \u2713 Successfully dropped table: dv_channel_accessibility_1
2025-12-10 16:00:47,206 - INFO - \u2713 Successfully dropped table: dv_channel_accessibility_stg
2025-12-10 16:00:48,624 - INFO - \u2713 Successfully dropped table: dv_de_accessblty_lifestg
2025-12-10 16:00:50,013 - INFO - \u2713 Successfully dropped table: dv_de_scorcrd_campgns
2025-12-10 16:00:51,403 - INFO - \u2713 Successfully dropped table: dv_digtl_engmnt_scorcrd
2025-12-10 16:00:52,781 - INFO - \u2713 Successfully dropped table: email_src_cd
2025-12-10 16:00:54,264 - INFO - \u2713 Successfully dropped table: esri_blockgroup_demgrphc
2025-12-10 16:00:55,851 - INFO - \u2713 Successfully dropped table: esri_zip_cd_demgrphc
2025-12-10 16:00:57,439 - INFO - \u2713 Successfully dropped table: fact_interaction_bb
2025-12-10 16:00:58,855 - INFO - \u2713 Successfully dropped table: fact_phone_interaction
2025-12-10 16:01:00,243 - INFO - \u2713 Successfully dropped table: fact_response_aprm
2025-12-10 16:01:01,625 - INFO - \u2713 Successfully dropped table: fact_vol_applctn
2025-12-10 16:01:03,004 - INFO - \u2713 Successfully dropped table: fact_vs_surv_resp
2025-12-10 16:01:04,454 - INFO - \u2713 Successfully dropped table: final_mobile_common_opt_out
2025-12-10 16:01:05,831 - INFO - \u2713 Successfully dropped table: fix_site_vol_recruit
2025-12-10 16:01:07,224 - INFO - \u2713 Successfully dropped table: global_suprs_cnst_email
2025-12-10 16:01:08,573 - INFO - \u2713 Successfully dropped table: global_suprs_domain
2025-12-10 16:01:09,977 - INFO - \u2713 Successfully dropped table: global_suprs_email
2025-12-10 16:01:11,411 - INFO - \u2713 Successfully dropped table: gms_arc_fr_smry_sustnr
2025-12-10 16:01:12,788 - INFO - \u2713 Successfully dropped table: gms_arc_fr_txn
2025-12-10 16:01:14,280 - INFO - \u2713 Successfully dropped table: gms_bzfc_adb_fact_donation
2025-12-10 16:01:15,641 - INFO - \u2713 Successfully dropped table: gms_bzfc_donation_rank
2025-12-10 16:01:17,049 - INFO - \u2713 Successfully dropped table: gms_bzfc_fact_ask_cntct_intrctn
2025-12-10 16:01:18,454 - INFO - \u2713 Successfully dropped table: gms_bzf_cnst_cnstcy
2025-12-10 16:01:19,833 - INFO - \u2713 Successfully dropped table: gms_bzf_cnst_cnstcy_curnt
2025-12-10 16:01:21,223 - INFO - \u2713 Successfully dropped table: gms_bz_pg_group_membrshp
2025-12-10 16:01:22,615 - INFO - \u2713 Successfully dropped table: gms_cnst_behvrl_segmnt
2025-12-10 16:01:24,192 - INFO - \u2713 Successfully dropped table: gms_cnst_cdi_smry_fr_pa_dm
2025-12-10 16:01:25,695 - INFO - \u2713 Successfully dropped table: gms_cnst_cdi_smry_fr_prfr_stg
2025-12-10 16:01:27,168 - INFO - \u2713 Successfully dropped table: gofundraise_donor
2025-12-10 16:01:28,629 - INFO - \u2713 Successfully dropped table: google_analytics_txn
2025-12-10 16:01:30,034 - INFO - \u2713 Successfully dropped table: lkp_positions_taxonomy_mktg_stg
2025-12-10 16:01:31,640 - INFO - \u2713 Successfully dropped table: mktg_snapsht_load_cntl
2025-12-10 16:01:33,681 - INFO - \u2713 Successfully dropped table: mobile_commons_active
2025-12-10 16:01:35,756 - INFO - \u2713 Successfully dropped table: name_gender
2025-12-10 16:01:37,997 - INFO - \u2713 Successfully dropped table: pbi_bio_demogrphcs
2025-12-10 16:01:39,466 - INFO - \u2713 Successfully dropped table: pbi_bzl_fact_show_prodctv_ind
2025-12-10 16:01:41,014 - INFO - \u2713 Successfully dropped table: pbi_cfremappend_cnst
2025-12-10 16:01:42,462 - INFO - \u2713 Successfully dropped table: pbi_cfremappend_cohort
2025-12-10 16:01:43,949 - INFO - \u2713 Successfully dropped table: pbi_entrprs_campgn_comnts
2025-12-10 16:01:45,388 - INFO - \u2713 Successfully dropped table: pbi_entrprs_campgn_non_adb
2025-12-10 16:01:46,916 - INFO - \u2713 Successfully dropped table: pbi_entrprs_campgn_results
2025-12-10 16:01:46,922 - INFO - Progress: 200/238 table(s) processed
2025-12-10 16:01:48,364 - INFO - \u2713 Successfully dropped table: pbi_entrprs_campgn_smry
2025-12-10 16:01:49,759 - INFO - \u2713 Successfully dropped table: pbi_entrprs_campgn_ts_sends
2025-12-10 16:01:51,142 - INFO - \u2713 Successfully dropped table: pbi_model_perf_auc
2025-12-10 16:01:52,647 - INFO - \u2713 Successfully dropped table: pbi_model_perf_dashbrd
2025-12-10 16:01:54,114 - INFO - \u2713 Successfully dropped table: pbi_model_perf_dim_lol
2025-12-10 16:01:55,549 - INFO - \u2713 Successfully dropped table: pbi_model_perf_tlres
2025-12-10 16:01:57,004 - INFO - \u2713 Successfully dropped table: pg_group_ref
2025-12-10 16:01:58,554 - INFO - \u2713 Successfully dropped table: pg_response_log_exclusion
2025-12-10 16:02:00,048 - INFO - \u2713 Successfully dropped table: phone_interaction_eoc
2025-12-10 16:02:02,711 - INFO - \u2713 Successfully dropped table: phone_interaction_pg_eoc
2025-12-10 16:02:04,153 - INFO - \u2713 Successfully dropped table: phone_interaction_sustnr_upgr
2025-12-10 16:02:05,705 - INFO - \u2713 Successfully dropped table: pref_cnst_mstr
2025-12-10 16:02:07,180 - INFO - \u2713 Successfully dropped table: replication_adb_nmsbroadlogmsg
2025-12-10 16:02:08,675 - INFO - \u2713 Successfully dropped table: replication_adb_nmsoperation
2025-12-10 16:02:10,133 - INFO - \u2713 Successfully dropped table: replication_dim_person
2025-12-10 16:02:12,642 - INFO - \u2713 Successfully dropped table: replication_dim_recipient
2025-12-10 16:02:14,087 - INFO - \u2713 Successfully dropped table: replication_fact_interaction_aprm
2025-12-10 16:02:15,604 - INFO - \u2713 Successfully dropped table: replication_rr_rqq_rql_file_xref
2025-12-10 16:02:17,058 - INFO - \u2713 Successfully dropped table: rr_rqq_rql_file_xref
2025-12-10 16:02:18,519 - INFO - \u2713 Successfully dropped table: scr
2025-12-10 16:02:20,132 - INFO - \u2713 Successfully dropped table: scr_val_ref
2025-12-10 16:02:21,618 - INFO - \u2713 Successfully dropped table: srvy_anvrsy_vlntr_rspns_fy22
2025-12-10 16:02:23,066 - INFO - \u2713 Successfully dropped table: srvy_gplg_rspns
2025-12-10 16:02:25,602 - INFO - \u2713 Successfully dropped table: srvy_hsptl_respondents_hst_b4072825
2025-12-10 16:02:27,037 - INFO - \u2713 Successfully dropped table: srvy_new_vlntr_rspns_fy21
2025-12-10 16:02:28,468 - INFO - \u2713 Successfully dropped table: srvy_new_vlntr_rspns_fy22
2025-12-10 16:02:29,897 - INFO - \u2713 Successfully dropped table: srvy_new_vlntr_rspns_v21
2025-12-10 16:02:31,308 - INFO - \u2713 Successfully dropped table: srvy_rgnl_ldrshp_fy21
2025-12-10 16:02:32,744 - INFO - \u2713 Successfully dropped table: suprsn_ts_cnst
2025-12-10 16:02:34,162 - INFO - \u2713 Successfully dropped table: sw_email_subscrb
2025-12-10 16:02:35,617 - INFO - \u2713 Successfully dropped table: sw_email_unsubscrb
2025-12-10 16:02:37,098 - INFO - \u2713 Successfully dropped table: users
2025-12-10 16:02:38,523 - INFO - \u2713 Successfully dropped table: utl_angry_client
2025-12-10 16:02:39,917 - INFO - \u2713 Successfully dropped table: utl_mcl_hard_bounces
2025-12-10 16:02:41,379 - INFO - \u2713 Successfully dropped table: utl_mc_bounces
2025-12-10 16:02:42,826 - INFO - \u2713 Successfully dropped table: utl_mc_unsubs
2025-12-10 16:02:44,396 - INFO - \u2713 Successfully dropped table: vcn_smry_intake
2025-12-10 16:02:45,840 - INFO - \u2713 Successfully dropped table: vms_sta_indivs
2025-12-10 16:02:47,232 - INFO - \u2713 Successfully dropped table: vms_sta_orgs
2025-12-10 16:02:47,236 - INFO - ================================================================================
2025-12-10 16:02:47,237 - INFO - DROP OPERATION SUMMARY
2025-12-10 16:02:47,237 - INFO - ================================================================================
2025-12-10 16:02:47,237 - INFO - Object Type: TABLE
2025-12-10 16:02:47,237 - INFO - Total Objects: 238
2025-12-10 16:02:47,237 - INFO - Successfully Dropped: 238
2025-12-10 16:02:47,237 - INFO - Failed: 0
2025-12-10 16:02:47,237 - INFO - Success Rate: 100.00%
2025-12-10 16:02:47,237 - INFO - Drop summary saved to: D:\fetch_ddl_from_rs\Create_DDL_Output\ddl_output\mktg_ops_tbls_tables_20251210_155647_dropped_summary.csv
2025-12-10 16:02:47,237 - INFO - ================================================================================
2025-12-10 16:02:47,238 - INFO - Connection closed. Drop script execution completed.
